2025-03-30 20:01:57,713 - api_gateway - INFO - ✅ CORS middleware подключен!
2025-03-30 20:02:12,970 - api_gateway - INFO - Request 1743350532970-9abb4e1e: GET /
2025-03-30 20:02:12,971 - api_gateway - INFO - Request 1743350532970-9abb4e1e completed: Status 200, Time 0.001s
2025-03-30 20:02:13,055 - api_gateway - INFO - Request 1743350533055-7383fb2d: GET /favicon.ico
2025-03-30 20:02:13,056 - api_gateway - INFO - Request 1743350533055-7383fb2d completed: Status 404, Time 0.001s
2025-03-30 20:02:27,311 - api_gateway - INFO - Request 1743350547311-555b0be7: GET /docs
2025-03-30 20:02:27,311 - api_gateway - INFO - Request 1743350547311-555b0be7 completed: Status 200, Time 0.001s
2025-03-30 20:02:27,959 - api_gateway - INFO - Request 1743350547959-572decd6: GET /openapi.json
2025-03-30 20:02:27,968 - api_gateway - INFO - Request 1743350547959-572decd6 completed: Status 200, Time 0.009s
2025-03-30 19:44:12,832 - api_gateway - INFO - ✅ CORS middleware подключен!
2025-03-30 19:44:51,539 - api_gateway - INFO - Request 1743353091538-ca215140: GET /
2025-03-30 19:44:51,545 - api_gateway - INFO - Request 1743353091538-ca215140 completed: Status 200, Time 0.006s
2025-03-30 19:44:51,900 - api_gateway - INFO - Request 1743353091900-5cdbbecc: GET /favicon.ico
2025-03-30 19:44:51,901 - api_gateway - INFO - Request 1743353091900-5cdbbecc completed: Status 404, Time 0.001s
2025-03-30 19:45:18,981 - api_gateway - INFO - Request 1743353118981-9856fc6e: GET /docs
2025-03-30 19:45:18,982 - api_gateway - INFO - Request 1743353118981-9856fc6e completed: Status 200, Time 0.001s
2025-03-30 19:45:19,920 - api_gateway - INFO - Request 1743353119920-7d56ef10: GET /openapi.json
2025-03-30 19:45:20,140 - api_gateway - INFO - Request 1743353119920-7d56ef10 completed: Status 200, Time 0.220s
2025-03-31 16:56:28,576 - api_gateway - INFO - ✅ CORS middleware подключен!
2025-03-31 16:57:00,163 - api_gateway - INFO - Request 1743429420162-1ed57be8: GET /
2025-03-31 16:57:00,176 - api_gateway - INFO - Request 1743429420162-1ed57be8 completed: Status 200, Time 0.013s
2025-03-31 16:57:00,397 - api_gateway - INFO - Request 1743429420397-76e72936: GET /favicon.ico
2025-03-31 16:57:00,398 - api_gateway - INFO - Request 1743429420397-76e72936 completed: Status 404, Time 0.002s
2025-03-31 16:59:19,810 - api_gateway - INFO - Request 1743429559810-ea5efd54: GET /docs
2025-03-31 16:59:19,811 - api_gateway - INFO - Request 1743429559810-ea5efd54 completed: Status 200, Time 0.002s
2025-03-31 16:59:20,544 - api_gateway - INFO - Request 1743429560543-ccecec08: GET /openapi.json
2025-03-31 16:59:20,599 - api_gateway - INFO - Request 1743429560543-ccecec08 completed: Status 200, Time 0.056s
2025-04-01 11:12:10,600 - api_gateway - INFO - ✅ CORS middleware подключен!
2025-04-01 11:16:47,472 - api_gateway - INFO - ✅ CORS middleware подключен!
2025-04-01 11:26:17,992 - api_gateway - INFO - ✅ CORS middleware подключен!
2025-04-01 11:27:33,061 - api_gateway - INFO - Request 1743496053061-c1f76b4a: GET /docs
2025-04-01 11:27:33,070 - api_gateway - INFO - Request 1743496053061-c1f76b4a completed: Status 200, Time 0.009s
2025-04-01 11:27:36,528 - api_gateway - INFO - Request 1743496056528-dd83a266: GET /openapi.json
2025-04-01 11:27:37,444 - api_gateway - INFO - Request 1743496056528-dd83a266 completed: Status 200, Time 0.917s
2025-04-01 11:28:07,685 - api_gateway - INFO - Request 1743496087685-5d265827: GET /
2025-04-01 11:28:07,722 - api_gateway - INFO - Request 1743496087685-5d265827 completed: Status 200, Time 0.037s
2025-04-01 11:28:08,131 - api_gateway - INFO - Request 1743496088131-874394be: GET /favicon.ico
2025-04-01 11:28:08,144 - api_gateway - INFO - Request 1743496088131-874394be completed: Status 404, Time 0.013s
2025-04-01 11:43:55,333 - api_gateway - INFO - Request 1743497035329-7e39e602: GET /login
2025-04-01 11:43:55,601 - api_gateway - INFO - Request 1743497035329-7e39e602 completed: Status 404, Time 0.273s
2025-04-01 15:49:35,514 - api_gateway - INFO - ✅ CORS middleware подключен!
2025-04-01 16:08:54,539 - api_gateway - INFO - ✅ CORS middleware подключен!
2025-04-01 16:09:41,631 - api_gateway - INFO - Request 1743512981630-ec95a3ba: OPTIONS /sever-ryba/auth/profile
2025-04-01 16:09:41,689 - api_gateway - INFO - Request 1743512981689-745515b0: OPTIONS /sever-ryba/orders/
2025-04-01 16:09:41,691 - api_gateway - INFO - Request 1743512981691-1bdbbf57: OPTIONS /sever-ryba/orders/
2025-04-01 16:09:41,693 - api_gateway - INFO - Request 1743512981693-70cb2f6e: OPTIONS /sever-ryba/auth/profile
2025-04-01 16:09:41,696 - api_gateway - INFO - Request 1743512981630-ec95a3ba completed: Status 200, Time 0.065s
2025-04-01 16:09:41,880 - api_gateway - INFO - Request 1743512981689-745515b0 completed: Status 200, Time 0.191s
2025-04-01 16:09:41,971 - api_gateway - INFO - Request 1743512981691-1bdbbf57 completed: Status 200, Time 0.280s
2025-04-01 16:09:41,977 - api_gateway - INFO - Request 1743512981693-70cb2f6e completed: Status 200, Time 0.284s
2025-04-01 16:09:42,029 - api_gateway - INFO - Request 1743512982028-25d3e71d: GET /sever-ryba/auth/profile
2025-04-01 16:09:42,077 - api_gateway - INFO - Проксирование запроса: GET /sever-ryba/auth/profile -> http://localhost:8000/auth/profile
2025-04-01 16:09:44,376 - api_gateway - INFO - Request 1743512984376-a2de81e5: GET /sever-ryba/orders/
2025-04-01 16:09:44,523 - api_gateway - INFO - Проксирование запроса: GET /sever-ryba/orders/ -> http://localhost:8000/orders/
2025-04-01 16:09:47,289 - httpx - INFO - HTTP Request: GET http://localhost:8000/auth/profile "HTTP/1.1 200 OK"
2025-04-01 16:09:47,357 - api_gateway - INFO - Проксирование завершено: GET /sever-ryba/auth/profile -> http://localhost:8000/auth/profile | Статус: 200, Время: 5.280s
2025-04-01 16:09:47,361 - api_gateway - INFO - Request 1743512982028-25d3e71d completed: Status 200, Time 5.333s
2025-04-01 16:09:47,511 - httpx - INFO - HTTP Request: GET http://localhost:8000/orders/ "HTTP/1.1 200 OK"
2025-04-01 16:09:47,555 - api_gateway - INFO - Проксирование завершено: GET /sever-ryba/orders/ -> http://localhost:8000/orders/ | Статус: 200, Время: 3.032s
2025-04-01 16:09:47,575 - api_gateway - INFO - Request 1743512984376-a2de81e5 completed: Status 200, Time 3.198s
2025-04-01 16:09:47,659 - api_gateway - INFO - Request 1743512987659-4471dc28: GET /sever-ryba/auth/profile
2025-04-01 16:09:47,706 - api_gateway - INFO - Проксирование запроса: GET /sever-ryba/auth/profile -> http://localhost:8000/auth/profile
2025-04-01 16:09:49,213 - api_gateway - INFO - Request 1743512989213-9b613af6: GET /sever-ryba/orders/
2025-04-01 16:09:49,288 - api_gateway - INFO - Проксирование запроса: GET /sever-ryba/orders/ -> http://localhost:8000/orders/
2025-04-01 16:09:50,972 - httpx - INFO - HTTP Request: GET http://localhost:8000/auth/profile "HTTP/1.1 200 OK"
2025-04-01 16:09:50,989 - api_gateway - INFO - Проксирование завершено: GET /sever-ryba/auth/profile -> http://localhost:8000/auth/profile | Статус: 200, Время: 3.283s
2025-04-01 16:09:50,993 - api_gateway - INFO - Request 1743512987659-4471dc28 completed: Status 200, Time 3.334s
2025-04-01 16:09:51,169 - httpx - INFO - HTTP Request: GET http://localhost:8000/orders/ "HTTP/1.1 200 OK"
2025-04-01 16:09:51,172 - api_gateway - INFO - Проксирование завершено: GET /sever-ryba/orders/ -> http://localhost:8000/orders/ | Статус: 200, Время: 1.883s
2025-04-01 16:09:51,174 - api_gateway - INFO - Request 1743512989213-9b613af6 completed: Status 200, Time 1.961s
2025-04-01 16:22:51,427 - api_gateway - INFO - ✅ CORS middleware подключен!
2025-04-04 00:05:03,713 - api_gateway - INFO - Request 1743710703713-4c95adfc: POST /ais/administrators/token
2025-04-04 00:05:03,714 - api_gateway - INFO - Проксирование запроса: POST /ais/administrators/token -> http://localhost:8001/administrators/token
2025-04-04 00:05:04,228 - httpx - INFO - HTTP Request: POST http://localhost:8001/administrators/token "HTTP/1.1 401 Unauthorized"
2025-04-04 00:05:04,228 - api_gateway - INFO - Проксирование завершено: POST /ais/administrators/token -> http://localhost:8001/administrators/token | Статус: 401, Время: 0.514s
2025-04-04 00:05:04,228 - api_gateway - INFO - Request 1743710703713-4c95adfc completed: Status 401, Time 0.515s
2025-04-04 00:05:45,181 - api_gateway - INFO - Request 1743710745181-5c0480a9: POST /ais/administrators/token
2025-04-04 00:05:45,181 - api_gateway - INFO - Проксирование запроса: POST /ais/administrators/token -> http://localhost:8001/administrators/token
2025-04-04 00:05:45,649 - httpx - INFO - HTTP Request: POST http://localhost:8001/administrators/token "HTTP/1.1 401 Unauthorized"
2025-04-04 00:05:45,649 - api_gateway - INFO - Проксирование завершено: POST /ais/administrators/token -> http://localhost:8001/administrators/token | Статус: 401, Время: 0.468s
2025-04-04 00:05:45,650 - api_gateway - INFO - Request 1743710745181-5c0480a9 completed: Status 401, Time 0.469s
2025-04-04 00:05:49,699 - api_gateway - INFO - Request 1743710749699-fb2c1a91: POST /ais/administrators/token
2025-04-04 00:05:49,700 - api_gateway - INFO - Проксирование запроса: POST /ais/administrators/token -> http://localhost:8001/administrators/token
2025-04-04 00:05:50,162 - httpx - INFO - HTTP Request: POST http://localhost:8001/administrators/token "HTTP/1.1 401 Unauthorized"
2025-04-04 00:05:50,163 - api_gateway - INFO - Проксирование завершено: POST /ais/administrators/token -> http://localhost:8001/administrators/token | Статус: 401, Время: 0.463s
2025-04-04 00:05:50,163 - api_gateway - INFO - Request 1743710749699-fb2c1a91 completed: Status 401, Time 0.464s
2025-04-04 00:07:12,851 - api_gateway - INFO - Request 1743710832851-50c22bdd: POST /ais/administrators/token
2025-04-04 00:07:12,851 - api_gateway - INFO - Проксирование запроса: POST /ais/administrators/token -> http://localhost:8001/administrators/token
2025-04-04 00:07:13,320 - httpx - INFO - HTTP Request: POST http://localhost:8001/administrators/token "HTTP/1.1 401 Unauthorized"
2025-04-04 00:07:13,321 - api_gateway - INFO - Проксирование завершено: POST /ais/administrators/token -> http://localhost:8001/administrators/token | Статус: 401, Время: 0.469s
2025-04-04 00:07:13,321 - api_gateway - INFO - Request 1743710832851-50c22bdd completed: Status 401, Time 0.470s
2025-04-04 00:07:53,370 - api_gateway - INFO - Request 1743710873370-0c2f38ec: POST /ais/administrators/token
2025-04-04 00:07:53,370 - api_gateway - INFO - Проксирование запроса: POST /ais/administrators/token -> http://localhost:8001/administrators/token
2025-04-04 00:07:53,860 - httpx - INFO - HTTP Request: POST http://localhost:8001/administrators/token "HTTP/1.1 401 Unauthorized"
2025-04-04 00:07:53,861 - api_gateway - INFO - Проксирование завершено: POST /ais/administrators/token -> http://localhost:8001/administrators/token | Статус: 401, Время: 0.490s
2025-04-04 00:07:53,861 - api_gateway - INFO - Request 1743710873370-0c2f38ec completed: Status 401, Time 0.491s
2025-04-04 00:07:57,565 - api_gateway - INFO - Request 1743710877565-02a69d7e: POST /ais/administrators/token
2025-04-04 00:07:57,565 - api_gateway - INFO - Проксирование запроса: POST /ais/administrators/token -> http://localhost:8001/administrators/token
2025-04-04 00:07:58,019 - httpx - INFO - HTTP Request: POST http://localhost:8001/administrators/token "HTTP/1.1 401 Unauthorized"
2025-04-04 00:07:58,019 - api_gateway - INFO - Проксирование завершено: POST /ais/administrators/token -> http://localhost:8001/administrators/token | Статус: 401, Время: 0.454s
2025-04-04 00:07:58,019 - api_gateway - INFO - Request 1743710877565-02a69d7e completed: Status 401, Time 0.455s
2025-04-04 00:08:03,363 - api_gateway - INFO - Request 1743710883363-ec3252f4: POST /ais/administrators/token
2025-04-04 00:08:03,363 - api_gateway - INFO - Проксирование запроса: POST /ais/administrators/token -> http://localhost:8001/administrators/token
2025-04-04 00:08:03,833 - httpx - INFO - HTTP Request: POST http://localhost:8001/administrators/token "HTTP/1.1 401 Unauthorized"
2025-04-04 00:08:03,834 - api_gateway - INFO - Проксирование завершено: POST /ais/administrators/token -> http://localhost:8001/administrators/token | Статус: 401, Время: 0.470s
2025-04-04 00:08:03,834 - api_gateway - INFO - Request 1743710883363-ec3252f4 completed: Status 401, Time 0.472s
2025-04-04 00:09:14,667 - api_gateway - INFO - Request 1743710954667-804cdd22: POST /ais/administrators/token
2025-04-04 00:09:14,667 - api_gateway - INFO - Проксирование запроса: POST /ais/administrators/token -> http://localhost:8001/administrators/token
2025-04-04 00:09:15,125 - httpx - INFO - HTTP Request: POST http://localhost:8001/administrators/token "HTTP/1.1 401 Unauthorized"
2025-04-04 00:09:15,125 - api_gateway - INFO - Проксирование завершено: POST /ais/administrators/token -> http://localhost:8001/administrators/token | Статус: 401, Время: 0.458s
2025-04-04 00:09:15,126 - api_gateway - INFO - Request 1743710954667-804cdd22 completed: Status 401, Time 0.459s
2025-04-04 00:09:25,195 - api_gateway - INFO - Request 1743710965195-c20d536f: POST /ais/administrators/token
2025-04-04 00:09:25,195 - api_gateway - INFO - Проксирование запроса: POST /ais/administrators/token -> http://localhost:8001/administrators/token
2025-04-04 00:09:25,675 - httpx - INFO - HTTP Request: POST http://localhost:8001/administrators/token "HTTP/1.1 401 Unauthorized"
2025-04-04 00:09:25,676 - api_gateway - INFO - Проксирование завершено: POST /ais/administrators/token -> http://localhost:8001/administrators/token | Статус: 401, Время: 0.480s
2025-04-04 00:09:25,676 - api_gateway - INFO - Request 1743710965195-c20d536f completed: Status 401, Time 0.481s
2025-04-04 00:10:35,247 - api_gateway - INFO - Request 1743711035247-da2f3f81: POST /ais/administrators/token
2025-04-04 00:10:35,247 - api_gateway - INFO - Проксирование запроса: POST /ais/administrators/token -> http://localhost:8001/administrators/token
2025-04-04 00:10:35,730 - httpx - INFO - HTTP Request: POST http://localhost:8001/administrators/token "HTTP/1.1 401 Unauthorized"
2025-04-04 00:10:35,730 - api_gateway - INFO - Проксирование завершено: POST /ais/administrators/token -> http://localhost:8001/administrators/token | Статус: 401, Время: 0.483s
2025-04-04 00:10:35,731 - api_gateway - INFO - Request 1743711035247-da2f3f81 completed: Status 401, Time 0.484s
2025-04-04 00:11:12,383 - api_gateway - INFO - Request 1743711072383-2db4f356: POST /ais/administrators/token
2025-04-04 00:11:12,383 - api_gateway - INFO - Проксирование запроса: POST /ais/administrators/token -> http://localhost:8001/administrators/token
2025-04-04 00:11:12,860 - httpx - INFO - HTTP Request: POST http://localhost:8001/administrators/token "HTTP/1.1 401 Unauthorized"
2025-04-04 00:11:12,861 - api_gateway - INFO - Проксирование завершено: POST /ais/administrators/token -> http://localhost:8001/administrators/token | Статус: 401, Время: 0.477s
2025-04-04 00:11:12,861 - api_gateway - INFO - Request 1743711072383-2db4f356 completed: Status 401, Time 0.479s
2025-04-04 00:13:16,623 - api_gateway - INFO - Request 1743711196623-2ab8f0ad: POST /ais/administrators/token
2025-04-04 00:13:16,623 - api_gateway - INFO - Проксирование запроса: POST /ais/administrators/token -> http://localhost:8001/administrators/token
2025-04-04 00:13:17,098 - httpx - INFO - HTTP Request: POST http://localhost:8001/administrators/token "HTTP/1.1 401 Unauthorized"
2025-04-04 00:13:17,099 - api_gateway - INFO - Проксирование завершено: POST /ais/administrators/token -> http://localhost:8001/administrators/token | Статус: 401, Время: 0.476s
2025-04-04 00:13:17,099 - api_gateway - INFO - Request 1743711196623-2ab8f0ad completed: Status 401, Time 0.476s
2025-04-04 00:13:19,111 - api_gateway - INFO - Request 1743711199111-eaaff8d0: POST /ais/administrators/token
2025-04-04 00:13:19,112 - api_gateway - INFO - Проксирование запроса: POST /ais/administrators/token -> http://localhost:8001/administrators/token
2025-04-04 00:13:19,599 - httpx - INFO - HTTP Request: POST http://localhost:8001/administrators/token "HTTP/1.1 401 Unauthorized"
2025-04-04 00:13:19,599 - api_gateway - INFO - Проксирование завершено: POST /ais/administrators/token -> http://localhost:8001/administrators/token | Статус: 401, Время: 0.488s
2025-04-04 00:13:19,600 - api_gateway - INFO - Request 1743711199111-eaaff8d0 completed: Status 401, Time 0.489s
2025-04-04 00:15:05,318 - api_gateway - INFO - Request 1743711305318-e0a2c52d: POST /ais/administrators/token
2025-04-04 00:15:05,318 - api_gateway - INFO - Проксирование запроса: POST /ais/administrators/token -> http://localhost:8001/administrators/token
2025-04-04 00:15:05,835 - httpx - INFO - HTTP Request: POST http://localhost:8001/administrators/token "HTTP/1.1 401 Unauthorized"
2025-04-04 00:15:05,835 - api_gateway - INFO - Проксирование завершено: POST /ais/administrators/token -> http://localhost:8001/administrators/token | Статус: 401, Время: 0.517s
2025-04-04 00:15:05,835 - api_gateway - INFO - Request 1743711305318-e0a2c52d completed: Status 401, Time 0.518s
2025-04-04 00:16:22,898 - api_gateway - INFO - Request 1743711382898-47a31dc5: POST /ais/administrators/token
2025-04-04 00:16:22,898 - api_gateway - INFO - Проксирование запроса: POST /ais/administrators/token -> http://localhost:8001/administrators/token
2025-04-04 00:16:23,373 - httpx - INFO - HTTP Request: POST http://localhost:8001/administrators/token "HTTP/1.1 401 Unauthorized"
2025-04-04 00:16:23,374 - api_gateway - INFO - Проксирование завершено: POST /ais/administrators/token -> http://localhost:8001/administrators/token | Статус: 401, Время: 0.475s
2025-04-04 00:16:23,374 - api_gateway - INFO - Request 1743711382898-47a31dc5 completed: Status 401, Time 0.476s
2025-04-04 00:19:21,214 - api_gateway - INFO - Request 1743711561214-c4cff76e: POST /ais/administrators/token
2025-04-04 00:19:21,215 - api_gateway - INFO - Проксирование запроса: POST /ais/administrators/token -> http://localhost:8001/administrators/token
2025-04-04 00:19:21,718 - httpx - INFO - HTTP Request: POST http://localhost:8001/administrators/token "HTTP/1.1 401 Unauthorized"
2025-04-04 00:19:21,718 - api_gateway - INFO - Проксирование завершено: POST /ais/administrators/token -> http://localhost:8001/administrators/token | Статус: 401, Время: 0.504s
2025-04-04 00:19:21,719 - api_gateway - INFO - Request 1743711561214-c4cff76e completed: Status 401, Time 0.505s
2025-04-04 00:22:08,639 - api_gateway - INFO - Request 1743711728639-ddd30724: POST /ais/administrators/token
2025-04-04 00:22:08,639 - api_gateway - INFO - Проксирование запроса: POST /ais/administrators/token -> http://localhost:8001/administrators/token
2025-04-04 00:22:09,140 - httpx - INFO - HTTP Request: POST http://localhost:8001/administrators/token "HTTP/1.1 401 Unauthorized"
2025-04-04 00:22:09,140 - api_gateway - INFO - Проксирование завершено: POST /ais/administrators/token -> http://localhost:8001/administrators/token | Статус: 401, Время: 0.501s
2025-04-04 00:22:09,141 - api_gateway - INFO - Request 1743711728639-ddd30724 completed: Status 401, Time 0.503s
2025-04-04 00:24:53,123 - api_gateway - INFO - Request 1743711893123-c69c6b94: POST /ais/administrators/token
2025-04-04 00:24:53,124 - api_gateway - INFO - Проксирование запроса: POST /ais/administrators/token -> http://localhost:8001/administrators/token
2025-04-04 00:24:53,609 - httpx - INFO - HTTP Request: POST http://localhost:8001/administrators/token "HTTP/1.1 401 Unauthorized"
2025-04-04 00:24:53,609 - api_gateway - INFO - Проксирование завершено: POST /ais/administrators/token -> http://localhost:8001/administrators/token | Статус: 401, Время: 0.485s
2025-04-04 00:24:53,610 - api_gateway - INFO - Request 1743711893123-c69c6b94 completed: Status 401, Time 0.487s
2025-04-04 00:25:07,821 - api_gateway - INFO - Request 1743711907821-e07090c9: POST /ais/administrators/token
2025-04-04 00:25:07,821 - api_gateway - INFO - Проксирование запроса: POST /ais/administrators/token -> http://localhost:8001/administrators/token
2025-04-04 00:25:08,292 - httpx - INFO - HTTP Request: POST http://localhost:8001/administrators/token "HTTP/1.1 401 Unauthorized"
2025-04-04 00:25:08,292 - api_gateway - INFO - Проксирование завершено: POST /ais/administrators/token -> http://localhost:8001/administrators/token | Статус: 401, Время: 0.471s
2025-04-04 00:25:08,293 - api_gateway - INFO - Request 1743711907821-e07090c9 completed: Status 401, Time 0.472s
2025-04-04 00:25:21,706 - api_gateway - INFO - Request 1743711921706-c092cac4: POST /ais/administrators/token
2025-04-04 00:25:21,706 - api_gateway - INFO - Проксирование запроса: POST /ais/administrators/token -> http://localhost:8001/administrators/token
2025-04-04 00:25:22,167 - httpx - INFO - HTTP Request: POST http://localhost:8001/administrators/token "HTTP/1.1 401 Unauthorized"
2025-04-04 00:25:22,167 - api_gateway - INFO - Проксирование завершено: POST /ais/administrators/token -> http://localhost:8001/administrators/token | Статус: 401, Время: 0.461s
2025-04-04 00:25:22,168 - api_gateway - INFO - Request 1743711921706-c092cac4 completed: Status 401, Time 0.462s
2025-04-04 00:29:53,604 - api_gateway - INFO - Request 1743712193604-bcff525c: POST /ais/administrators/token
2025-04-04 00:29:53,604 - api_gateway - INFO - Проксирование запроса: POST /ais/administrators/token -> http://localhost:8001/administrators/token
2025-04-04 00:29:54,084 - httpx - INFO - HTTP Request: POST http://localhost:8001/administrators/token "HTTP/1.1 401 Unauthorized"
2025-04-04 00:29:54,084 - api_gateway - INFO - Проксирование завершено: POST /ais/administrators/token -> http://localhost:8001/administrators/token | Статус: 401, Время: 0.480s
2025-04-04 00:29:54,085 - api_gateway - INFO - Request 1743712193604-bcff525c completed: Status 401, Time 0.481s
2025-04-04 00:30:05,915 - api_gateway - INFO - Request 1743712205915-00dbd3ca: POST /ais/administrators/token
2025-04-04 00:30:05,915 - api_gateway - INFO - Проксирование запроса: POST /ais/administrators/token -> http://localhost:8001/administrators/token
2025-04-04 00:30:06,392 - httpx - INFO - HTTP Request: POST http://localhost:8001/administrators/token "HTTP/1.1 401 Unauthorized"
2025-04-04 00:30:06,393 - api_gateway - INFO - Проксирование завершено: POST /ais/administrators/token -> http://localhost:8001/administrators/token | Статус: 401, Время: 0.478s
2025-04-04 00:30:06,393 - api_gateway - INFO - Request 1743712205915-00dbd3ca completed: Status 401, Time 0.479s
2025-04-04 00:38:41,483 - api_gateway - INFO - Request 1743712721483-55c4a2cd: POST /ais/administrators/token
2025-04-04 00:38:41,484 - api_gateway - INFO - Проксирование запроса: POST /ais/administrators/token -> http://localhost:8001/administrators/token
2025-04-04 00:38:41,966 - httpx - INFO - HTTP Request: POST http://localhost:8001/administrators/token "HTTP/1.1 401 Unauthorized"
2025-04-04 00:38:41,966 - api_gateway - INFO - Проксирование завершено: POST /ais/administrators/token -> http://localhost:8001/administrators/token | Статус: 401, Время: 0.482s
2025-04-04 00:38:41,967 - api_gateway - INFO - Request 1743712721483-55c4a2cd completed: Status 401, Time 0.484s
